Der Buildvorgang wurde am 23.11.2016 20:34:06 gestartet.
     1>Projekt "D:\Documents\Studium\AVGP\DirectX_Sound\DirectX_Sound\DirectX_Sound.vcxproj" auf Knoten "2", Build Ziel(e).
     1>ClCompile:
         C:\Program Files (x86)\Microsoft Visual Studio 12.0\VC\bin\CL.exe /c /Zi /nologo /W3 /WX- /O2 /Oi /Oy- /GL /D WIN32 /D _WINDOWS /D NDEBUG /D _UNICODE /D UNICODE /D _AFXDLL /Gm- /EHsc /MD /GS /Gy /fp:precise /Zc:wchar_t /Zc:forScope /Yu"stdafx.h" /Fp"Release\DirectX_Sound.pch" /Fo"Release\\" /Fd"Release\vc120.pdb" /Gd /TP /analyze- /errorReport:prompt DirectX_SoundDlg.cpp
         DirectX_SoundDlg.cpp
     1>DirectX_SoundDlg.cpp(86): warning C4244: 'Argument': Konvertierung von 'double' in 'int', möglicher Datenverlust
     1>DirectX_SoundDlg.cpp(93): warning C4244: 'Argument': Konvertierung von 'double' in 'int', möglicher Datenverlust
     1>DirectX_SoundDlg.cpp(258): warning C4244: 'Argument': Konvertierung von 'double' in 'int', möglicher Datenverlust
     1>DirectX_SoundDlg.cpp(375): warning C4996: 'fopen': This function or variable may be unsafe. Consider using fopen_s instead. To disable deprecation, use _CRT_SECURE_NO_WARNINGS. See online help for details.
                 C:\Program Files (x86)\Microsoft Visual Studio 12.0\VC\include\stdio.h(211): Siehe Deklaration von 'fopen'
       Link:
         C:\Program Files (x86)\Microsoft Visual Studio 12.0\VC\bin\link.exe /ERRORREPORT:PROMPT /OUT:"D:\Documents\Studium\AVGP\DirectX_Sound\Release\DirectX_Sound.exe" /INCREMENTAL:NO /NOLOGO dsound.lib dxguid.lib /MANIFEST /MANIFESTUAC:"level='asInvoker' uiAccess='false'" /manifest:embed /manifestinput:"C:\Program Files (x86)\Microsoft Visual Studio 12.0\VC\Include\Manifest\dpiaware.manifest" /DEBUG /PDB:"D:\Documents\Studium\AVGP\DirectX_Sound\Release\DirectX_Sound.pdb" /SUBSYSTEM:WINDOWS /OPT:REF /OPT:ICF /LTCG /TLBID:1 /ENTRY:"wWinMainCRTStartup" /DYNAMICBASE /NXCOMPAT /IMPLIB:"D:\Documents\Studium\AVGP\DirectX_Sound\Release\DirectX_Sound.lib" /MACHINE:X86 /SAFESEH Release\DirectX_Sound.res
         Release\DirectSound.obj
         Release\DirectX_Sound.obj
         Release\DirectX_SoundDlg.obj
         Release\stdafx.obj
         Code wird generiert.
         Codegenerierung ist abgeschlossen.
         DirectX_Sound.vcxproj -> D:\Documents\Studium\AVGP\DirectX_Sound\Release\DirectX_Sound.exe
     1>Die Erstellung des Projekts "D:\Documents\Studium\AVGP\DirectX_Sound\DirectX_Sound\DirectX_Sound.vcxproj" ist abgeschlossen, Build Ziel(e).

Build erfolgreich.

Verstrichene Zeit 00:00:01.70
