Der Buildvorgang wurde am 10.01.2017 11:30:49 gestartet.
     1>Projekt "C:\Users\s72682\Desktop\AVGP-master\WAV-MP3-Encoder\WAV-MP3-Encoder\WAV-MP3-Encoder.vcxproj" auf Knoten "2", Build Ziel(e).
     1>ClCompile:
         C:\Program Files (x86)\Microsoft Visual Studio 12.0\VC\bin\CL.exe /c /ZI /nologo /W3 /WX- /Od /Oy- /D WIN32 /D _WINDOWS /D _DEBUG /D _UNICODE /D UNICODE /D _AFXDLL /Gm /EHsc /RTC1 /MDd /GS /fp:precise /Zc:wchar_t /Zc:forScope /Yc"stdafx.h" /Fp"Debug\WAV-MP3-Encoder.pch" /Fo"Debug\\" /Fd"Debug\vc120.pdb" /Gd /TP /analyze- /errorReport:prompt stdafx.cpp
         stdafx.cpp
         C:\Program Files (x86)\Microsoft Visual Studio 12.0\VC\bin\CL.exe /c /ZI /nologo /W3 /WX- /Od /Oy- /D WIN32 /D _WINDOWS /D _DEBUG /D _UNICODE /D UNICODE /D _AFXDLL /Gm /EHsc /RTC1 /MDd /GS /fp:precise /Zc:wchar_t /Zc:forScope /Yu"stdafx.h" /Fp"Debug\WAV-MP3-Encoder.pch" /Fo"Debug\\" /Fd"Debug\vc120.pdb" /Gd /TP /analyze- /errorReport:prompt DirectShow.cpp "WAV-MP3-Encoder.cpp" "WAV-MP3-EncoderDlg.cpp"
         WAV-MP3-EncoderDlg.cpp
         WAV-MP3-Encoder.cpp
         DirectShow.cpp
     1>c:\users\s72682\desktop\avgp-master\wav-mp3-encoder\wav-mp3-encoder\directshow.cpp(102): warning C4101: 'hr': Unreferenzierte lokale Variable
         Code wird generiert...
       ResourceCompile:
         C:\Program Files (x86)\Windows Kits\8.1\bin\x86\rc.exe /D _DEBUG /D _UNICODE /D UNICODE /D _AFXDLL /l"0x0407" /IDebug\ /nologo /fo"Debug\WAV-MP3-Encoder.res" WAV-MP3-Encoder.rc 
       Link:
         C:\Program Files (x86)\Microsoft Visual Studio 12.0\VC\bin\link.exe /ERRORREPORT:PROMPT /OUT:"C:\Users\s72682\Desktop\AVGP-master\WAV-MP3-Encoder\Debug\WAV-MP3-Encoder.exe" /INCREMENTAL /NOLOGO Strmiids.lib Quartz.lib Strmbase.lib /MANIFEST /MANIFESTUAC:"level='asInvoker' uiAccess='false'" /manifest:embed /manifestinput:"C:\Program Files (x86)\Microsoft Visual Studio 12.0\VC\Include\Manifest\dpiaware.manifest" /DEBUG /PDB:"C:\Users\s72682\Desktop\AVGP-master\WAV-MP3-Encoder\Debug\WAV-MP3-Encoder.pdb" /SUBSYSTEM:WINDOWS /TLBID:1 /ENTRY:"wWinMainCRTStartup" /DYNAMICBASE /NXCOMPAT /IMPLIB:"C:\Users\s72682\Desktop\AVGP-master\WAV-MP3-Encoder\Debug\WAV-MP3-Encoder.lib" /MACHINE:X86 "Debug\WAV-MP3-Encoder.res"
         Debug\DirectShow.obj
         Debug\stdafx.obj
         "Debug\WAV-MP3-Encoder.obj"
         "Debug\WAV-MP3-EncoderDlg.obj"
         WAV-MP3-Encoder.vcxproj -> C:\Users\s72682\Desktop\AVGP-master\WAV-MP3-Encoder\Debug\WAV-MP3-Encoder.exe
     1>Die Erstellung des Projekts "C:\Users\s72682\Desktop\AVGP-master\WAV-MP3-Encoder\WAV-MP3-Encoder\WAV-MP3-Encoder.vcxproj" ist abgeschlossen, Build Ziel(e).

Build erfolgreich.

Verstrichene Zeit 00:00:11.07
