c:\users\s72682\desktop\avgp-master\wav-mp3-encoder\wav-mp3-encoder\debug\wav-mp3-encoder.pch
c:\users\s72682\desktop\avgp-master\wav-mp3-encoder\wav-mp3-encoder\debug\vc120.pdb
c:\users\s72682\desktop\avgp-master\wav-mp3-encoder\wav-mp3-encoder\debug\vc120.idb
c:\users\s72682\desktop\avgp-master\wav-mp3-encoder\wav-mp3-encoder\debug\stdafx.obj
c:\users\s72682\desktop\avgp-master\wav-mp3-encoder\wav-mp3-encoder\debug\audioconverter.obj
c:\users\s72682\desktop\avgp-master\wav-mp3-encoder\wav-mp3-encoder\debug\wav-mp3-encoder.obj
c:\users\s72682\desktop\avgp-master\wav-mp3-encoder\wav-mp3-encoder\debug\wav-mp3-encoderdlg.obj
c:\users\s72682\desktop\avgp-master\wav-mp3-encoder\debug\wav-mp3-encoder.ilk
c:\users\s72682\desktop\avgp-master\wav-mp3-encoder\debug\wav-mp3-encoder.exe
c:\users\s72682\desktop\avgp-master\wav-mp3-encoder\debug\wav-mp3-encoder.pdb
c:\users\s72682\desktop\avgp-master\wav-mp3-encoder\wav-mp3-encoder\debug\wav-mp3-encoder.res
c:\users\s72682\desktop\avgp-master\wav-mp3-encoder\wav-mp3-encoder\debug\wav-mp3-encoder.tlog\cl.command.1.tlog
c:\users\s72682\desktop\avgp-master\wav-mp3-encoder\wav-mp3-encoder\debug\wav-mp3-encoder.tlog\cl.read.1.tlog
c:\users\s72682\desktop\avgp-master\wav-mp3-encoder\wav-mp3-encoder\debug\wav-mp3-encoder.tlog\cl.write.1.tlog
c:\users\s72682\desktop\avgp-master\wav-mp3-encoder\wav-mp3-encoder\debug\wav-mp3-encoder.tlog\link.command.1.tlog
c:\users\s72682\desktop\avgp-master\wav-mp3-encoder\wav-mp3-encoder\debug\wav-mp3-encoder.tlog\link.read.1.tlog
c:\users\s72682\desktop\avgp-master\wav-mp3-encoder\wav-mp3-encoder\debug\wav-mp3-encoder.tlog\link.write.1.tlog
c:\users\s72682\desktop\avgp-master\wav-mp3-encoder\wav-mp3-encoder\debug\wav-mp3-encoder.tlog\rc.command.1.tlog
c:\users\s72682\desktop\avgp-master\wav-mp3-encoder\wav-mp3-encoder\debug\wav-mp3-encoder.tlog\rc.read.1.tlog
c:\users\s72682\desktop\avgp-master\wav-mp3-encoder\wav-mp3-encoder\debug\wav-mp3-encoder.tlog\rc.write.1.tlog
